
2024-05-02T10:26:35.431Z ==> Success Log: Launching Chrome Driver Browser
2024-05-02T10:26:35.456Z ==> Success Log: Maximizing browser window
2024-05-02T10:26:37.243Z ==> Success Log: Navigating to LinkedIn
2024-05-02T10:26:37.824Z ==> Success Log: Clicking the Sign in Button
2024-05-02T10:26:38.018Z ==> Success Log: Entering username (email)
2024-05-02T10:26:39.078Z ==> Success Log: Entering password
2024-05-02T10:26:41.030Z ==> Success Log: Submitting login form
2024-05-02T10:26:52.547Z ==> Success Log: Clicking on profile icon
2024-05-02T10:26:53.610Z ==> Success Log: Clicking on View Profile link
2024-05-02T10:26:53.826Z ==> Success Log: Scrolled Down Successfuly
2024-05-02T10:26:54.814Z ==> Success Log: Clicking the + button
2024-05-02T10:26:54.937Z ==> Success Log: Clicking on Add position button that dropped down
2024-05-02T10:26:55.722Z ==> Success Log: Entering Job Position in the input
2024-05-02T10:26:56.000Z ==> Success Log: Entering Company in the Input
2024-05-02T10:26:56.685Z ==> Success Log: Selecting start month
2024-05-02T10:26:57.376Z ==> Success Log: Selecting start year 2024 from dropdown
2024-05-02T10:26:57.438Z ==> Success Log: Clicking on Save button
2024-05-02T10:26:57.508Z ==> Success Log: Clicking Skip button
2024-05-02T10:27:02.582Z ==> Success Log: Clicking 2nd Skip button
2024-05-02T10:27:02.652Z ==> Success Log: Clicking on Dismiss Button
2024-05-02T10:27:07.839Z ==> Success Log: Clicking on Discard Button
2024-05-02T10:27:08.105Z ==> Success Log: Clicking on Jobs Link
2024-05-02T10:27:11.180Z ==> Success Log: Clicking on first input
2024-05-02T10:27:13.369Z ==> Success Log: Sending Software Developer Intern to ghost expanded input
2024-05-02T10:27:17.425Z ==> Success Log: Extracted search result:
2024-05-02T10:27:17.459Z ==> Success Log: Extracted search result:
2024-05-02T10:27:17.492Z ==> Success Log: Extracted search result:
2024-05-02T10:27:17.529Z ==> Success Log: Extracted search result:
2024-05-02T10:27:17.563Z ==> Success Log: Extracted search result:
2024-05-02T10:27:17.595Z ==> Success Log: Extracted search result:
2024-05-02T10:27:17.629Z ==> Success Log: Extracted search result:
2024-05-02T10:27:17.661Z ==> Success Log: Extracted search result:
2024-05-02T10:27:17.695Z ==> Success Log: Extracted search result:
2024-05-02T10:27:17.730Z ==> Success Log: Extracted search result:
2024-05-02T10:27:17.762Z ==> Success Log: Extracted search result:
2024-05-02T10:27:17.795Z ==> Success Log: Extracted search result:
2024-05-02T10:27:17.828Z ==> Success Log: Extracted search result:
2024-05-02T10:27:17.861Z ==> Success Log: Extracted search result:
2024-05-02T10:27:17.893Z ==> Success Log: Extracted search result:
2024-05-02T10:27:17.927Z ==> Success Log: Extracted search result:
2024-05-02T10:27:17.963Z ==> Success Log: Extracted search result:
2024-05-02T10:27:17.997Z ==> Success Log: Extracted search result:
2024-05-02T10:27:18.033Z ==> Success Log: Extracted search result:
2024-05-02T10:27:18.066Z ==> Success Log: Extracted search result:
2024-05-02T10:27:18.101Z ==> Success Log: Extracted search result:
2024-05-02T10:27:18.135Z ==> Success Log: Extracted search result:
2024-05-02T10:27:18.170Z ==> Success Log: Extracted search result:
2024-05-02T10:27:18.204Z ==> Success Log: Extracted search result:
2024-05-02T10:27:18.238Z ==> Success Log: Extracted search result:
2024-05-02T10:27:18.239Z ==> Success Log: Search results saved to JSON file:
2024-05-02T10:27:18.239Z ==> Success Log: Clicking on alert button
2024-05-02T10:27:18.277Z ==> Success Log: Alert Clicked
2024-05-02T10:27:18.357Z ==> Success Log: Clicking on messaging icon
2024-05-02T10:27:18.358Z ==> Success Log: Typing message
2024-05-02T10:27:18.938Z ==> Success Log: Typing contact name in search
2024-05-02T11:00:34.450Z ==> Success Log: Launching Chrome Driver Browser
2024-05-02T11:00:34.489Z ==> Success Log: Maximizing browser window
2024-05-02T11:00:36.354Z ==> Success Log: Navigating to LinkedIn
2024-05-02T11:00:37.149Z ==> Success Log: Clicking the Sign in Button
2024-05-02T11:00:37.316Z ==> Success Log: Entering username (email)
2024-05-02T11:00:38.374Z ==> Success Log: Entering password
2024-05-02T11:00:40.531Z ==> Success Log: Submitting login form
2024-05-02T11:00:53.607Z ==> Success Log: Clicking on profile icon
2024-05-02T11:00:54.675Z ==> Success Log: Clicking on View Profile link
2024-05-02T11:00:54.938Z ==> Success Log: Scrolled Down Successfuly
2024-05-02T11:00:55.791Z ==> Success Log: Clicking the + button
2024-05-02T11:00:56.100Z ==> Success Log: Clicking on Add position button that dropped down
2024-05-02T11:00:57.073Z ==> Success Log: Entering Job Position in the input
2024-05-02T11:00:57.353Z ==> Success Log: Entering Company in the Input
2024-05-02T11:00:58.042Z ==> Success Log: Selecting start month
2024-05-02T11:00:58.759Z ==> Success Log: Selecting start year 2024 from dropdown
2024-05-02T11:00:58.826Z ==> Success Log: Clicking on Save button
2024-05-02T11:00:58.907Z ==> Success Log: Clicking Skip button
2024-05-02T11:01:03.991Z ==> Success Log: Clicking 2nd Skip button
2024-05-02T11:01:04.062Z ==> Success Log: Clicking on Dismiss Button
2024-05-02T11:01:09.300Z ==> Success Log: Clicking on Discard Button
2024-05-02T11:01:09.605Z ==> Success Log: Clicking on Jobs Link
2024-05-02T11:01:12.692Z ==> Success Log: Clicking on first input
2024-05-02T11:01:14.895Z ==> Success Log: Sending Software Developer Intern to ghost expanded input
2024-05-02T11:01:18.967Z ==> Success Log: Extracted search result:
2024-05-02T11:01:19.005Z ==> Success Log: Extracted search result:
2024-05-02T11:01:19.043Z ==> Success Log: Extracted search result:
2024-05-02T11:01:19.082Z ==> Success Log: Extracted search result:
2024-05-02T11:01:19.119Z ==> Success Log: Extracted search result:
2024-05-02T11:01:19.157Z ==> Success Log: Extracted search result:
2024-05-02T11:01:19.194Z ==> Success Log: Extracted search result:
2024-05-02T11:01:19.234Z ==> Success Log: Extracted search result:
2024-05-02T11:01:19.272Z ==> Success Log: Extracted search result:
2024-05-02T11:01:19.310Z ==> Success Log: Extracted search result:
2024-05-02T11:01:19.348Z ==> Success Log: Extracted search result:
2024-05-02T11:01:19.385Z ==> Success Log: Extracted search result:
2024-05-02T11:01:19.424Z ==> Success Log: Extracted search result:
2024-05-02T11:01:19.467Z ==> Success Log: Extracted search result:
2024-05-02T11:01:19.505Z ==> Success Log: Extracted search result:
2024-05-02T11:01:19.543Z ==> Success Log: Extracted search result:
2024-05-02T11:01:19.581Z ==> Success Log: Extracted search result:
2024-05-02T11:01:19.618Z ==> Success Log: Extracted search result:
2024-05-02T11:01:19.655Z ==> Success Log: Extracted search result:
2024-05-02T11:01:19.693Z ==> Success Log: Extracted search result:
2024-05-02T11:01:19.733Z ==> Success Log: Extracted search result:
2024-05-02T11:01:19.771Z ==> Success Log: Extracted search result:
2024-05-02T11:01:19.809Z ==> Success Log: Extracted search result:
2024-05-02T11:01:19.847Z ==> Success Log: Extracted search result:
2024-05-02T11:01:19.885Z ==> Success Log: Extracted search result:
2024-05-02T11:01:19.886Z ==> Success Log: Search results saved to JSON file:
2024-05-02T11:01:19.886Z ==> Success Log: Clicking on alert button
2024-05-02T11:01:19.985Z ==> Success Log: Alert Clicked
2024-05-02T11:01:20.079Z ==> Success Log: Clicking on messaging icon
2024-05-02T11:01:20.079Z ==> Success Log: Typing message
2024-05-02T11:01:20.701Z ==> Success Log: Typing contact name in search
2024-05-02T11:18:05.813Z ==> Error Log: Error sending message: - undefined
2024-05-02T17:11:01.100Z ==> Success Log: Launching Chrome Driver Browser
2024-05-02T17:11:01.138Z ==> Success Log: Maximizing browser window
2024-05-02T17:11:03.253Z ==> Success Log: Navigating to LinkedIn
2024-05-02T17:11:04.064Z ==> Success Log: Clicking the Sign in Button
2024-05-02T17:11:04.198Z ==> Success Log: Entering username (email)
2024-05-02T17:11:05.250Z ==> Success Log: Entering password
2024-05-02T17:11:07.406Z ==> Success Log: Submitting login form
2024-05-02T17:11:21.366Z ==> Success Log: Clicking on profile icon
2024-05-02T17:11:22.443Z ==> Success Log: Clicking on View Profile link
2024-05-02T17:11:22.706Z ==> Success Log: Scrolled Down Successfuly
2024-05-02T17:11:23.724Z ==> Success Log: Clicking the + button
2024-05-02T17:11:23.852Z ==> Success Log: Clicking on Add position button that dropped down
2024-05-02T17:11:24.842Z ==> Success Log: Entering Job Position in the input
2024-05-02T17:11:25.125Z ==> Success Log: Entering Company in the Input
2024-05-02T17:11:25.794Z ==> Success Log: Selecting start month
2024-05-02T17:11:26.531Z ==> Success Log: Selecting start year 2024 from dropdown
2024-05-02T17:11:26.600Z ==> Success Log: Clicking on Save button
2024-05-02T17:11:26.673Z ==> Success Log: Clicking Skip button
2024-05-02T17:11:31.752Z ==> Success Log: Clicking 2nd Skip button
2024-05-02T17:11:31.826Z ==> Success Log: Clicking on Dismiss Button
2024-05-02T17:11:36.989Z ==> Success Log: Clicking on Discard Button
2024-05-02T17:11:37.231Z ==> Success Log: Clicking on Jobs Link
2024-05-02T17:11:40.309Z ==> Success Log: Clicking on first input
2024-05-02T17:11:42.499Z ==> Success Log: Sending Software Developer Intern to ghost expanded input
2024-05-02T17:11:46.573Z ==> Success Log: Extracted search result:
2024-05-02T17:11:46.613Z ==> Success Log: Extracted search result:
2024-05-02T17:11:46.653Z ==> Success Log: Extracted search result:
2024-05-02T17:11:46.691Z ==> Success Log: Extracted search result:
2024-05-02T17:11:46.729Z ==> Success Log: Extracted search result:
2024-05-02T17:11:46.768Z ==> Success Log: Extracted search result:
2024-05-02T17:11:46.808Z ==> Success Log: Extracted search result:
2024-05-02T17:11:46.847Z ==> Success Log: Extracted search result:
2024-05-02T17:11:46.886Z ==> Success Log: Extracted search result:
2024-05-02T17:11:46.924Z ==> Success Log: Extracted search result:
2024-05-02T17:11:46.963Z ==> Success Log: Extracted search result:
2024-05-02T17:11:47.002Z ==> Success Log: Extracted search result:
2024-05-02T17:11:47.042Z ==> Success Log: Extracted search result:
2024-05-02T17:11:47.080Z ==> Success Log: Extracted search result:
2024-05-02T17:11:47.120Z ==> Success Log: Extracted search result:
2024-05-02T17:11:47.158Z ==> Success Log: Extracted search result:
2024-05-02T17:11:47.198Z ==> Success Log: Extracted search result:
2024-05-02T17:11:47.236Z ==> Success Log: Extracted search result:
2024-05-02T17:11:47.276Z ==> Success Log: Extracted search result:
2024-05-02T17:11:47.313Z ==> Success Log: Extracted search result:
2024-05-02T17:11:47.395Z ==> Success Log: Extracted search result:
2024-05-02T17:11:47.433Z ==> Success Log: Extracted search result:
2024-05-02T17:11:47.472Z ==> Success Log: Extracted search result:
2024-05-02T17:11:47.509Z ==> Success Log: Extracted search result:
2024-05-02T17:11:47.548Z ==> Success Log: Extracted search result:
2024-05-02T17:11:47.549Z ==> Success Log: Search results saved to JSON file:
2024-05-02T17:11:47.549Z ==> Success Log: Clicking on alert button
2024-05-02T17:11:47.592Z ==> Success Log: Alert Clicked
2024-05-02T17:11:47.676Z ==> Success Log: Clicking on messaging icon
2024-05-02T17:11:47.677Z ==> Success Log: Typing message
2024-05-02T17:11:48.150Z ==> Success Log: Typing contact name in search
2024-05-02T17:40:18.863Z ==> Success Log: Launching Chrome Driver Browser
2024-05-02T17:40:18.886Z ==> Success Log: Maximizing browser window
2024-05-02T17:40:20.705Z ==> Success Log: Navigating to LinkedIn
2024-05-02T17:40:21.395Z ==> Success Log: Clicking the Sign in Button
2024-05-02T17:40:21.526Z ==> Success Log: Entering username (email)
2024-05-02T17:40:22.578Z ==> Success Log: Entering password
2024-05-02T17:40:24.542Z ==> Success Log: Submitting login form
2024-05-02T17:40:37.505Z ==> Success Log: Clicking on profile icon
2024-05-02T17:40:38.718Z ==> Success Log: Clicking on View Profile link
2024-05-02T17:40:38.732Z ==> Success Log: Scrolled Down Successfuly
2024-05-02T17:40:39.696Z ==> Success Log: Clicking the + button
2024-05-02T17:40:39.815Z ==> Success Log: Clicking on Add position button that dropped down
2024-05-02T17:40:40.644Z ==> Success Log: Entering Job Position in the input
2024-05-02T17:40:40.961Z ==> Success Log: Entering Company in the Input
2024-05-02T17:40:41.639Z ==> Success Log: Selecting start month
2024-05-02T17:40:42.336Z ==> Success Log: Selecting start year 2024 from dropdown
2024-05-02T17:40:42.397Z ==> Success Log: Clicking on Save button
2024-05-02T17:40:42.468Z ==> Success Log: Clicking Skip button
2024-05-02T17:40:47.544Z ==> Success Log: Clicking 2nd Skip button
2024-05-02T17:40:47.609Z ==> Success Log: Clicking on Dismiss Button
2024-05-02T17:40:52.902Z ==> Success Log: Clicking on Discard Button
2024-05-02T17:40:53.135Z ==> Success Log: Clicking on Jobs Link
2024-05-02T17:40:56.220Z ==> Success Log: Clicking on first input
2024-05-02T17:40:58.412Z ==> Success Log: Sending Software Developer Intern to ghost expanded input
2024-05-02T17:41:02.487Z ==> Success Log: Extracted search result:
2024-05-02T17:41:02.527Z ==> Success Log: Extracted search result:
2024-05-02T17:41:02.565Z ==> Success Log: Extracted search result:
2024-05-02T17:41:02.605Z ==> Success Log: Extracted search result:
2024-05-02T17:41:02.642Z ==> Success Log: Extracted search result:
2024-05-02T17:41:02.681Z ==> Success Log: Extracted search result:
2024-05-02T17:41:02.721Z ==> Success Log: Extracted search result:
2024-05-02T17:41:02.761Z ==> Success Log: Extracted search result:
2024-05-02T17:41:02.800Z ==> Success Log: Extracted search result:
2024-05-02T17:41:02.839Z ==> Success Log: Extracted search result:
2024-05-02T17:41:02.915Z ==> Success Log: Extracted search result:
2024-05-02T17:41:02.953Z ==> Success Log: Extracted search result:
2024-05-02T17:41:02.991Z ==> Success Log: Extracted search result:
2024-05-02T17:41:03.031Z ==> Success Log: Extracted search result:
2024-05-02T17:41:03.069Z ==> Success Log: Extracted search result:
2024-05-02T17:41:03.109Z ==> Success Log: Extracted search result:
2024-05-02T17:41:03.147Z ==> Success Log: Extracted search result:
2024-05-02T17:41:03.186Z ==> Success Log: Extracted search result:
2024-05-02T17:41:03.225Z ==> Success Log: Extracted search result:
2024-05-02T17:41:03.265Z ==> Success Log: Extracted search result:
2024-05-02T17:41:03.305Z ==> Success Log: Extracted search result:
2024-05-02T17:41:03.345Z ==> Success Log: Extracted search result:
2024-05-02T17:41:03.383Z ==> Success Log: Extracted search result:
2024-05-02T17:41:03.422Z ==> Success Log: Extracted search result:
2024-05-02T17:41:03.460Z ==> Success Log: Extracted search result:
2024-05-02T17:41:03.461Z ==> Success Log: Search results saved to JSON file:
2024-05-02T17:41:03.461Z ==> Success Log: Clicking on alert button
2024-05-02T17:41:03.514Z ==> Success Log: Alert Clicked
2024-05-02T17:41:03.597Z ==> Success Log: Clicking on messaging icon
2024-05-02T17:41:03.597Z ==> Success Log: Typing message
2024-05-02T17:41:04.075Z ==> Success Log: Typing contact name in search
2024-05-02T17:42:38.520Z ==> Success Log: Launching Chrome Driver Browser
2024-05-02T17:42:38.546Z ==> Success Log: Maximizing browser window
2024-05-02T17:42:40.425Z ==> Success Log: Navigating to LinkedIn
2024-05-02T17:42:41.162Z ==> Success Log: Clicking the Sign in Button
2024-05-02T17:42:41.286Z ==> Success Log: Entering username (email)
2024-05-02T17:42:42.339Z ==> Success Log: Entering password
2024-05-02T17:42:44.425Z ==> Success Log: Submitting login form
2024-05-02T17:42:56.915Z ==> Success Log: Clicking on profile icon
2024-05-02T17:42:58.139Z ==> Success Log: Clicking on View Profile link
2024-05-02T17:42:58.157Z ==> Success Log: Scrolled Down Successfuly
2024-05-02T17:42:59.102Z ==> Success Log: Clicking the + button
2024-05-02T17:42:59.417Z ==> Success Log: Clicking on Add position button that dropped down
2024-05-02T17:43:00.257Z ==> Success Log: Entering Job Position in the input
2024-05-02T17:43:00.521Z ==> Success Log: Entering Company in the Input
2024-05-02T17:43:01.181Z ==> Success Log: Selecting start month
2024-05-02T17:43:01.915Z ==> Success Log: Selecting start year 2024 from dropdown
2024-05-02T17:43:01.982Z ==> Success Log: Clicking on Save button
2024-05-02T17:43:02.052Z ==> Success Log: Clicking Skip button
2024-05-02T17:43:07.124Z ==> Success Log: Clicking 2nd Skip button
2024-05-02T17:43:07.193Z ==> Success Log: Clicking on Dismiss Button
2024-05-02T17:43:12.388Z ==> Success Log: Clicking on Discard Button
2024-05-02T17:43:12.642Z ==> Success Log: Clicking on Jobs Link
2024-05-02T17:43:15.717Z ==> Success Log: Clicking on first input
2024-05-02T17:43:17.912Z ==> Success Log: Sending Software Developer Intern to ghost expanded input
2024-05-02T17:43:21.987Z ==> Success Log: Extracted search result:
2024-05-02T17:43:22.026Z ==> Success Log: Extracted search result:
2024-05-02T17:43:22.069Z ==> Success Log: Extracted search result:
2024-05-02T17:43:22.110Z ==> Success Log: Extracted search result:
2024-05-02T17:43:22.150Z ==> Success Log: Extracted search result:
2024-05-02T17:43:22.190Z ==> Success Log: Extracted search result:
2024-05-02T17:43:22.229Z ==> Success Log: Extracted search result:
2024-05-02T17:43:22.269Z ==> Success Log: Extracted search result:
2024-05-02T17:43:22.310Z ==> Success Log: Extracted search result:
2024-05-02T17:43:22.351Z ==> Success Log: Extracted search result:
2024-05-02T17:43:22.391Z ==> Success Log: Extracted search result:
2024-05-02T17:43:22.431Z ==> Success Log: Extracted search result:
2024-05-02T17:43:22.471Z ==> Success Log: Extracted search result:
2024-05-02T17:43:22.514Z ==> Success Log: Extracted search result:
2024-05-02T17:43:22.601Z ==> Success Log: Extracted search result:
2024-05-02T17:43:22.648Z ==> Success Log: Extracted search result:
2024-05-02T17:43:22.691Z ==> Success Log: Extracted search result:
2024-05-02T17:43:22.731Z ==> Success Log: Extracted search result:
2024-05-02T17:43:22.771Z ==> Success Log: Extracted search result:
2024-05-02T17:43:22.810Z ==> Success Log: Extracted search result:
2024-05-02T17:43:22.851Z ==> Success Log: Extracted search result:
2024-05-02T17:43:22.891Z ==> Success Log: Extracted search result:
2024-05-02T17:43:22.931Z ==> Success Log: Extracted search result:
2024-05-02T17:43:22.973Z ==> Success Log: Extracted search result:
2024-05-02T17:43:23.014Z ==> Success Log: Extracted search result:
2024-05-02T17:43:23.015Z ==> Error Log: Error extracting search results: - fileName is not defined
2024-05-02T17:43:23.015Z ==> Success Log: Clicking on alert button
2024-05-02T17:43:23.058Z ==> Success Log: Alert Clicked
2024-05-02T17:43:23.140Z ==> Success Log: Clicking on messaging icon
2024-05-02T17:43:23.141Z ==> Success Log: Typing message
2024-05-02T17:43:23.616Z ==> Success Log: Typing contact name in search
2024-05-02T17:53:10.566Z ==> Success Log: Launching Chrome Driver Browser
2024-05-02T17:53:10.597Z ==> Success Log: Maximizing browser window
2024-05-02T17:53:12.513Z ==> Success Log: Navigating to LinkedIn
2024-05-02T17:53:13.303Z ==> Success Log: Clicking the Sign in Button
2024-05-02T17:53:13.417Z ==> Success Log: Entering username (email)
2024-05-02T17:53:14.472Z ==> Success Log: Entering password
2024-05-02T17:53:16.631Z ==> Success Log: Submitting login form
2024-05-02T17:53:29.743Z ==> Success Log: Clicking on profile icon
2024-05-02T17:53:30.820Z ==> Success Log: Clicking on View Profile link
2024-05-02T17:53:31.007Z ==> Success Log: Scrolled Down Successfuly
2024-05-02T17:53:32.020Z ==> Success Log: Clicking the + button
2024-05-02T17:53:32.140Z ==> Success Log: Clicking on Add position button that dropped down
2024-05-02T17:53:32.958Z ==> Success Log: Entering Job Position in the input
2024-05-02T17:53:33.242Z ==> Success Log: Entering Company in the Input
2024-05-02T17:53:33.914Z ==> Success Log: Selecting start month
2024-05-02T17:53:34.627Z ==> Success Log: Selecting start year 2024 from dropdown
2024-05-02T17:53:34.695Z ==> Success Log: Clicking on Save button
2024-05-02T17:53:34.768Z ==> Success Log: Clicking Skip button
2024-05-02T17:53:39.839Z ==> Success Log: Clicking 2nd Skip button
2024-05-02T17:53:39.906Z ==> Success Log: Clicking on Dismiss Button
2024-05-02T17:53:45.151Z ==> Success Log: Clicking on Discard Button
2024-05-02T17:53:45.384Z ==> Success Log: Clicking on Jobs Link
2024-05-02T17:53:48.461Z ==> Success Log: Clicking on first input
2024-05-02T17:53:50.649Z ==> Success Log: Sending Software Developer Intern to ghost expanded input
2024-05-02T17:53:56.258Z ==> Success Log: Extracted search result:
2024-05-02T17:53:57.829Z ==> Success Log: Extracted search result:
2024-05-02T17:53:59.418Z ==> Success Log: Extracted search result:
2024-05-02T17:54:00.989Z ==> Success Log: Extracted search result:
2024-05-02T17:54:02.557Z ==> Success Log: Extracted search result:
2024-05-02T17:54:04.135Z ==> Success Log: Extracted search result:
2024-05-02T17:54:05.706Z ==> Success Log: Extracted search result:
2024-05-02T17:54:07.273Z ==> Success Log: Extracted search result:
2024-05-02T17:54:08.839Z ==> Success Log: Extracted search result:
2024-05-02T17:54:10.398Z ==> Success Log: Extracted search result:
2024-05-02T17:54:11.970Z ==> Success Log: Extracted search result:
2024-05-02T17:54:13.527Z ==> Success Log: Extracted search result:
2024-05-02T17:54:15.080Z ==> Success Log: Extracted search result:
2024-05-02T17:54:16.663Z ==> Success Log: Extracted search result:
2024-05-02T17:54:18.236Z ==> Success Log: Extracted search result:
2024-05-02T17:54:19.810Z ==> Success Log: Extracted search result:
2024-05-02T17:54:21.384Z ==> Success Log: Extracted search result:
2024-05-02T17:54:22.944Z ==> Success Log: Extracted search result:
2024-05-02T17:54:24.507Z ==> Success Log: Extracted search result:
2024-05-02T17:54:26.089Z ==> Success Log: Extracted search result:
2024-05-02T17:54:27.662Z ==> Success Log: Extracted search result:
2024-05-02T17:54:29.250Z ==> Success Log: Extracted search result:
2024-05-02T17:54:30.805Z ==> Success Log: Extracted search result:
2024-05-02T17:54:32.362Z ==> Success Log: Extracted search result:
2024-05-02T17:54:33.937Z ==> Success Log: Extracted search result:
2024-05-02T17:54:33.938Z ==> Error Log: Error extracting search results: - fileName is not defined
2024-05-02T17:54:33.939Z ==> Success Log: Clicking on alert button
2024-05-02T17:54:34.026Z ==> Success Log: Alert Clicked
2024-05-02T17:54:34.113Z ==> Success Log: Clicking on messaging icon
2024-05-02T17:54:34.113Z ==> Success Log: Typing message
2024-05-02T17:54:34.682Z ==> Success Log: Typing contact name in search
2024-05-02T18:08:41.458Z ==> Success Log: Launching Chrome Driver Browser
2024-05-02T18:08:41.483Z ==> Success Log: Maximizing browser window
2024-05-02T18:08:43.246Z ==> Success Log: Navigating to LinkedIn
2024-05-02T18:08:43.882Z ==> Success Log: Clicking the Sign in Button
2024-05-02T18:08:44.030Z ==> Success Log: Entering username (email)
2024-05-02T18:08:45.097Z ==> Success Log: Entering password
2024-05-02T18:08:47.053Z ==> Success Log: Submitting login form
2024-05-02T18:08:59.499Z ==> Success Log: Clicking on profile icon
2024-05-02T18:09:00.724Z ==> Success Log: Clicking on View Profile link
2024-05-02T18:09:00.741Z ==> Success Log: Scrolled Down Successfuly
2024-05-02T18:09:01.665Z ==> Success Log: Clicking the + button
2024-05-02T18:09:01.809Z ==> Success Log: Clicking on Add position button that dropped down
2024-05-02T18:09:02.652Z ==> Success Log: Entering Job Position in the input
2024-05-02T18:09:02.912Z ==> Success Log: Entering Company in the Input
2024-05-02T18:09:03.569Z ==> Success Log: Selecting start month
2024-05-02T18:09:04.299Z ==> Success Log: Selecting start year 2024 from dropdown
2024-05-02T18:09:04.364Z ==> Success Log: Clicking on Save button
2024-05-02T18:09:04.432Z ==> Success Log: Clicking Skip button
2024-05-02T18:09:09.502Z ==> Success Log: Clicking 2nd Skip button
2024-05-02T18:09:09.573Z ==> Success Log: Clicking on Dismiss Button
2024-05-02T18:09:14.862Z ==> Success Log: Clicking on Discard Button
2024-05-02T18:09:15.090Z ==> Success Log: Clicking on Jobs Link
2024-05-02T18:09:18.164Z ==> Success Log: Clicking on first input
2024-05-02T18:09:20.344Z ==> Success Log: Sending Software Developer Intern to ghost expanded input
2024-05-02T18:09:24.390Z ==> Error Log: Error extracting search results: - no such element: Unable to locate element: {"method":"xpath","selector":"//div[contains(@class, 'job-card-list__title')]//a"}
  (Session info: chrome=124.0.6367.118)
2024-05-02T18:09:24.391Z ==> Success Log: Clicking on alert button
2024-05-02T18:09:24.430Z ==> Success Log: Alert Clicked
2024-05-02T18:09:24.511Z ==> Success Log: Clicking on messaging icon
2024-05-02T18:09:24.511Z ==> Success Log: Typing message
2024-05-02T18:09:25.021Z ==> Success Log: Typing contact name in search
2024-05-02T18:15:38.794Z ==> Success Log: Launching Chrome Driver Browser
2024-05-02T18:15:38.820Z ==> Success Log: Maximizing browser window
2024-05-02T18:15:40.701Z ==> Success Log: Navigating to LinkedIn
2024-05-02T18:15:41.456Z ==> Success Log: Clicking the Sign in Button
2024-05-02T18:15:41.523Z ==> Success Log: Entering username (email)
2024-05-02T18:15:42.579Z ==> Success Log: Entering password
2024-05-02T18:15:44.677Z ==> Success Log: Submitting login form
2024-05-02T18:16:06.297Z ==> Success Log: Clicking on profile icon
2024-05-02T18:16:07.368Z ==> Success Log: Clicking on View Profile link
2024-05-02T18:16:07.599Z ==> Success Log: Scrolled Down Successfuly
2024-05-02T18:16:08.516Z ==> Success Log: Clicking the + button
2024-05-02T18:16:08.660Z ==> Success Log: Clicking on Add position button that dropped down
2024-05-02T18:16:09.493Z ==> Success Log: Entering Job Position in the input
2024-05-02T18:16:09.793Z ==> Success Log: Entering Company in the Input
2024-05-02T18:16:10.488Z ==> Success Log: Selecting start month
2024-05-02T18:16:11.168Z ==> Success Log: Selecting start year 2024 from dropdown
2024-05-02T18:16:11.230Z ==> Success Log: Clicking on Save button
2024-05-02T18:16:11.307Z ==> Success Log: Clicking Skip button
2024-05-02T18:16:16.389Z ==> Success Log: Clicking 2nd Skip button
2024-05-02T18:16:16.457Z ==> Success Log: Clicking on Dismiss Button
2024-05-02T18:16:21.583Z ==> Success Log: Clicking on Discard Button
2024-05-02T18:16:21.828Z ==> Success Log: Clicking on Jobs Link
2024-05-02T18:16:24.919Z ==> Success Log: Clicking on first input
2024-05-02T18:16:27.101Z ==> Success Log: Sending Software Developer Intern to ghost expanded input
2024-05-02T18:16:31.648Z ==> Error Log: Error extracting search results: - no such element: Unable to locate element: {"method":"xpath","selector":"//div[contains(@class, 'job-card-list__title')]//a"}
  (Session info: chrome=124.0.6367.118)
2024-05-02T18:16:31.648Z ==> Success Log: Clicking on alert button
2024-05-02T18:16:31.697Z ==> Success Log: Alert Clicked
2024-05-02T18:16:31.780Z ==> Success Log: Clicking on messaging icon
2024-05-02T18:16:31.781Z ==> Success Log: Typing message
2024-05-02T18:16:32.308Z ==> Success Log: Typing contact name in search
2024-05-02T18:22:34.730Z ==> Success Log: Launching Chrome Driver Browser
2024-05-02T18:22:34.765Z ==> Success Log: Maximizing browser window
2024-05-02T18:22:36.607Z ==> Success Log: Navigating to LinkedIn
2024-05-02T18:22:37.200Z ==> Success Log: Clicking the Sign in Button
2024-05-02T18:22:37.336Z ==> Success Log: Entering username (email)
2024-05-02T18:22:38.383Z ==> Success Log: Entering password
2024-05-02T18:22:40.293Z ==> Success Log: Submitting login form
2024-05-02T18:22:52.707Z ==> Success Log: Clicking on profile icon
2024-05-02T18:22:53.776Z ==> Success Log: Clicking on View Profile link
2024-05-02T18:22:53.985Z ==> Success Log: Scrolled Down Successfuly
2024-05-02T18:22:54.912Z ==> Success Log: Clicking the + button
2024-05-02T18:22:55.040Z ==> Success Log: Clicking on Add position button that dropped down
2024-05-02T18:22:55.858Z ==> Success Log: Entering Job Position in the input
2024-05-02T18:22:56.126Z ==> Success Log: Entering Company in the Input
2024-05-02T18:22:56.794Z ==> Success Log: Selecting start month
2024-05-02T18:22:57.524Z ==> Success Log: Selecting start year 2024 from dropdown
2024-05-02T18:22:57.585Z ==> Success Log: Clicking on Save button
2024-05-02T18:22:57.658Z ==> Success Log: Clicking Skip button
2024-05-02T18:23:02.730Z ==> Success Log: Clicking 2nd Skip button
2024-05-02T18:23:02.796Z ==> Success Log: Clicking on Dismiss Button
2024-05-02T18:23:08.094Z ==> Success Log: Clicking on Discard Button
2024-05-02T18:23:08.350Z ==> Success Log: Clicking on Jobs Link
2024-05-02T18:23:11.520Z ==> Success Log: Clicking on first input
2024-05-02T18:23:13.718Z ==> Success Log: Sending Software Developer Intern to ghost expanded input
2024-05-02T18:23:17.972Z ==> Error Log: Error extracting search results: - no such element: Unable to locate element: {"method":"xpath","selector":"//div[contains(@class, 'job-card-list__title')]//a"}
  (Session info: chrome=124.0.6367.118)
2024-05-02T18:23:17.972Z ==> Success Log: Clicking on alert button
2024-05-02T18:23:18.011Z ==> Success Log: Alert Clicked
2024-05-02T18:23:18.094Z ==> Success Log: Clicking on messaging icon
2024-05-02T18:23:18.094Z ==> Success Log: Typing message
2024-05-02T18:23:18.573Z ==> Success Log: Typing contact name in search
2024-05-02T18:56:47.919Z ==> Success Log: Launching Chrome Driver Browser
2024-05-02T18:56:47.960Z ==> Success Log: Maximizing browser window
2024-05-02T18:56:50.135Z ==> Success Log: Navigating to LinkedIn
2024-05-02T18:56:50.774Z ==> Success Log: Clicking the Sign in Button
2024-05-02T18:56:50.893Z ==> Success Log: Entering username (email)
2024-05-02T18:56:51.952Z ==> Success Log: Entering password
2024-05-02T18:56:53.864Z ==> Success Log: Submitting login form
2024-05-02T18:57:08.255Z ==> Success Log: Clicking on profile icon
2024-05-02T18:57:09.394Z ==> Success Log: Clicking on View Profile link
2024-05-02T18:57:09.600Z ==> Success Log: Scrolled Down Successfuly
2024-05-02T18:57:10.553Z ==> Success Log: Clicking the + button
2024-05-02T18:57:10.702Z ==> Success Log: Clicking on Add position button that dropped down
2024-05-02T18:57:11.570Z ==> Success Log: Entering Job Position in the input
2024-05-02T18:57:11.846Z ==> Success Log: Entering Company in the Input
2024-05-02T18:57:12.508Z ==> Success Log: Selecting start month
2024-05-02T18:57:13.198Z ==> Success Log: Selecting start year 2024 from dropdown
2024-05-02T18:57:13.275Z ==> Success Log: Clicking on Save button
2024-05-02T18:57:13.348Z ==> Success Log: Clicking Skip button
2024-05-02T18:57:18.414Z ==> Success Log: Clicking 2nd Skip button
2024-05-02T18:57:18.481Z ==> Success Log: Clicking on Dismiss Button
2024-05-02T18:57:23.586Z ==> Success Log: Clicking on Discard Button
2024-05-02T18:57:23.826Z ==> Success Log: Clicking on Jobs Link
2024-05-02T18:57:26.932Z ==> Success Log: Clicking on first input
2024-05-02T18:57:29.117Z ==> Success Log: Sending Software Developer Intern to ghost expanded input

2024-05-02T18:57:33.153Z ==> Success Log: Clicking on alert button
2024-05-02T18:57:33.201Z ==> Success Log: Alert Clicked
2024-05-02T18:57:33.279Z ==> Success Log: Clicking on messaging icon
2024-05-02T18:57:33.280Z ==> Success Log: Typing message
2024-05-02T18:57:33.870Z ==> Success Log: Typing contact name in search
2024-05-02T19:02:04.025Z ==> Success Log: Launching Chrome Driver Browser
2024-05-02T19:02:04.053Z ==> Success Log: Maximizing browser window
2024-05-02T19:02:05.926Z ==> Success Log: Navigating to LinkedIn
2024-05-02T19:02:06.698Z ==> Success Log: Clicking the Sign in Button
2024-05-02T19:02:06.824Z ==> Success Log: Entering username (email)
2024-05-02T19:02:07.881Z ==> Success Log: Entering password
2024-05-02T19:02:10.007Z ==> Success Log: Submitting login form
2024-05-02T19:02:23.444Z ==> Success Log: Clicking on profile icon
2024-05-02T19:02:24.507Z ==> Success Log: Clicking on View Profile link
2024-05-02T19:02:24.727Z ==> Success Log: Scrolled Down Successfuly
2024-05-02T19:02:25.425Z ==> Success Log: Clicking the + button
2024-05-02T19:02:26.024Z ==> Success Log: Clicking on Add position button that dropped down
2024-05-02T19:02:26.868Z ==> Success Log: Entering Job Position in the input
2024-05-02T19:02:27.155Z ==> Success Log: Entering Company in the Input
2024-05-02T19:02:27.825Z ==> Success Log: Selecting start month
2024-05-02T19:02:28.542Z ==> Success Log: Selecting start year 2024 from dropdown
2024-05-02T19:02:28.606Z ==> Success Log: Clicking on Save button
2024-05-02T19:02:28.682Z ==> Success Log: Clicking Skip button
2024-05-02T19:02:33.751Z ==> Success Log: Clicking 2nd Skip button
2024-05-02T19:02:33.817Z ==> Success Log: Clicking on Dismiss Button
2024-05-02T19:02:39.007Z ==> Success Log: Clicking on Discard Button
2024-05-02T19:02:39.242Z ==> Success Log: Clicking on Jobs Link
2024-05-02T19:02:42.319Z ==> Success Log: Clicking on first input
2024-05-02T19:02:44.503Z ==> Success Log: Sending Software Developer Intern to ghost expanded input

2024-05-02T19:02:48.533Z ==> Success Log: Clicking on alert button
2024-05-02T19:02:48.569Z ==> Success Log: Alert Clicked
2024-05-02T19:02:48.650Z ==> Success Log: Clicking on messaging icon
2024-05-02T19:02:48.651Z ==> Success Log: Typing message
2024-05-02T19:02:49.132Z ==> Success Log: Typing contact name in search
2024-05-02T19:04:39.788Z ==> Success Log: Launching Chrome Driver Browser
2024-05-02T19:04:39.829Z ==> Success Log: Maximizing browser window
2024-05-02T19:04:41.757Z ==> Success Log: Navigating to LinkedIn
2024-05-02T19:04:42.397Z ==> Success Log: Clicking the Sign in Button
2024-05-02T19:04:42.551Z ==> Success Log: Entering username (email)
2024-05-02T19:04:43.634Z ==> Success Log: Entering password
2024-05-02T19:04:45.591Z ==> Success Log: Submitting login form
2024-05-02T19:05:05.781Z ==> Success Log: Clicking on profile icon
2024-05-02T19:05:06.987Z ==> Success Log: Clicking on View Profile link
2024-05-02T19:05:07.003Z ==> Success Log: Scrolled Down Successfuly
2024-05-02T19:05:08.090Z ==> Success Log: Clicking the + button
2024-05-02T19:05:08.210Z ==> Success Log: Clicking on Add position button that dropped down
2024-05-02T19:05:09.049Z ==> Success Log: Entering Job Position in the input
2024-05-02T19:05:09.326Z ==> Success Log: Entering Company in the Input
2024-05-02T19:05:09.995Z ==> Success Log: Selecting start month
2024-05-02T19:05:10.703Z ==> Success Log: Selecting start year 2024 from dropdown
2024-05-02T19:05:10.765Z ==> Success Log: Clicking on Save button
2024-05-02T19:05:10.834Z ==> Success Log: Clicking Skip button
2024-05-02T19:05:15.897Z ==> Success Log: Clicking 2nd Skip button
2024-05-02T19:05:15.964Z ==> Success Log: Clicking on Dismiss Button
2024-05-02T19:05:21.121Z ==> Success Log: Clicking on Discard Button
2024-05-02T19:05:21.351Z ==> Success Log: Clicking on Jobs Link
2024-05-02T19:05:24.433Z ==> Success Log: Clicking on first input
2024-05-02T19:05:26.644Z ==> Success Log: Sending Software Developer Intern to ghost expanded input

2024-05-02T19:05:30.671Z ==> Success Log: Clicking on alert button
2024-05-02T19:05:30.721Z ==> Success Log: Alert Clicked
2024-05-02T19:05:30.800Z ==> Success Log: Clicking on messaging icon
2024-05-02T19:05:30.801Z ==> Success Log: Typing message
2024-05-02T19:05:31.285Z ==> Success Log: Typing contact name in search
2024-05-02T19:06:51.000Z ==> Success Log: Launching Chrome Driver Browser
2024-05-02T19:06:51.040Z ==> Success Log: Maximizing browser window
2024-05-02T19:06:52.904Z ==> Success Log: Navigating to LinkedIn
2024-05-02T19:06:53.706Z ==> Success Log: Clicking the Sign in Button
2024-05-02T19:06:53.844Z ==> Success Log: Entering username (email)
2024-05-02T19:06:54.892Z ==> Success Log: Entering password
2024-05-02T19:06:57.036Z ==> Success Log: Submitting login form
2024-05-02T19:07:18.200Z ==> Success Log: Clicking on profile icon
2024-05-02T19:07:19.452Z ==> Success Log: Clicking on View Profile link
2024-05-02T19:07:19.475Z ==> Success Log: Scrolled Down Successfuly
2024-05-02T19:07:20.395Z ==> Success Log: Clicking the + button
2024-05-02T19:07:20.515Z ==> Success Log: Clicking on Add position button that dropped down
2024-05-02T19:07:21.315Z ==> Success Log: Entering Job Position in the input
2024-05-02T19:07:21.608Z ==> Success Log: Entering Company in the Input
2024-05-02T19:07:22.295Z ==> Success Log: Selecting start month
2024-05-02T19:07:23.029Z ==> Success Log: Selecting start year 2024 from dropdown
2024-05-02T19:07:23.098Z ==> Success Log: Clicking on Save button
2024-05-02T19:07:23.168Z ==> Success Log: Clicking Skip button
2024-05-02T19:07:28.242Z ==> Success Log: Clicking 2nd Skip button
2024-05-02T19:07:28.308Z ==> Success Log: Clicking on Dismiss Button
2024-05-02T19:07:33.413Z ==> Success Log: Clicking on Discard Button
2024-05-02T19:07:33.789Z ==> Success Log: Clicking on Jobs Link
2024-05-02T19:07:36.875Z ==> Success Log: Clicking on first input
2024-05-02T19:07:39.084Z ==> Success Log: Sending Software Developer Intern to ghost expanded input

2024-05-02T19:07:43.114Z ==> Success Log: Clicking on alert button
2024-05-02T19:07:43.153Z ==> Success Log: Alert Clicked
2024-05-02T19:07:43.243Z ==> Success Log: Clicking on messaging icon
2024-05-02T19:07:43.244Z ==> Success Log: Typing message
2024-05-02T19:07:43.774Z ==> Success Log: Typing contact name in search
2024-05-02T19:09:13.905Z ==> Success Log: Launching Chrome Driver Browser
2024-05-02T19:09:13.942Z ==> Success Log: Maximizing browser window
2024-05-02T19:09:15.766Z ==> Success Log: Navigating to LinkedIn
2024-05-02T19:09:16.427Z ==> Success Log: Clicking the Sign in Button
2024-05-02T19:09:16.505Z ==> Success Log: Entering username (email)
2024-05-02T19:09:17.559Z ==> Success Log: Entering password
2024-05-02T19:09:19.488Z ==> Success Log: Submitting login form
2024-05-02T19:09:31.766Z ==> Success Log: Clicking on profile icon
2024-05-02T19:09:32.837Z ==> Success Log: Clicking on View Profile link
2024-05-02T19:09:33.053Z ==> Success Log: Scrolled Down Successfuly
2024-05-02T19:09:33.949Z ==> Success Log: Clicking the + button
2024-05-02T19:09:34.298Z ==> Success Log: Clicking on Add position button that dropped down
2024-05-02T19:09:35.106Z ==> Success Log: Entering Job Position in the input
2024-05-02T19:09:35.382Z ==> Success Log: Entering Company in the Input
2024-05-02T19:09:36.052Z ==> Success Log: Selecting start month
2024-05-02T19:09:36.774Z ==> Success Log: Selecting start year 2024 from dropdown
2024-05-02T19:09:36.836Z ==> Success Log: Clicking on Save button
2024-05-02T19:09:36.912Z ==> Success Log: Clicking Skip button
2024-05-02T19:09:41.990Z ==> Success Log: Clicking 2nd Skip button
2024-05-02T19:09:42.056Z ==> Success Log: Clicking on Dismiss Button
2024-05-02T19:09:47.304Z ==> Success Log: Clicking on Discard Button
2024-05-02T19:09:47.614Z ==> Success Log: Clicking on Jobs Link
2024-05-02T19:09:50.699Z ==> Success Log: Clicking on first input
2024-05-02T19:09:52.886Z ==> Success Log: Sending Software Developer Intern to ghost expanded input
2024-05-02T19:09:56.962Z ==> Success Log: Extracted search result:
2024-05-02T19:09:56.999Z ==> Success Log: Extracted search result:
2024-05-02T19:09:57.035Z ==> Success Log: Extracted search result:
2024-05-02T19:09:57.072Z ==> Success Log: Extracted search result:
2024-05-02T19:09:57.109Z ==> Success Log: Extracted search result:
2024-05-02T19:09:57.147Z ==> Success Log: Extracted search result:
2024-05-02T19:09:57.184Z ==> Success Log: Extracted search result:
2024-05-02T19:09:57.302Z ==> Success Log: Extracted search result:
2024-05-02T19:09:57.338Z ==> Success Log: Extracted search result:
2024-05-02T19:09:57.376Z ==> Success Log: Extracted search result:
2024-05-02T19:09:57.412Z ==> Success Log: Extracted search result:
2024-05-02T19:09:57.449Z ==> Success Log: Extracted search result:
2024-05-02T19:09:57.488Z ==> Success Log: Extracted search result:
2024-05-02T19:09:57.524Z ==> Success Log: Extracted search result:
2024-05-02T19:09:57.560Z ==> Success Log: Extracted search result:
2024-05-02T19:09:57.597Z ==> Success Log: Extracted search result:
2024-05-02T19:09:57.634Z ==> Success Log: Extracted search result:
2024-05-02T19:09:57.670Z ==> Success Log: Extracted search result:
2024-05-02T19:09:57.708Z ==> Success Log: Extracted search result:
2024-05-02T19:09:57.744Z ==> Success Log: Extracted search result:
2024-05-02T19:09:57.780Z ==> Success Log: Extracted search result:
2024-05-02T19:09:57.817Z ==> Success Log: Extracted search result:
2024-05-02T19:09:57.853Z ==> Success Log: Extracted search result:
2024-05-02T19:09:57.891Z ==> Success Log: Extracted search result:
2024-05-02T19:09:57.929Z ==> Success Log: Extracted search result:
2024-05-02T19:09:57.930Z ==> Success Log: Search results saved to JSON file:
2024-05-02T19:09:57.931Z ==> Success Log: Clicking on alert button
2024-05-02T19:09:57.979Z ==> Success Log: Alert Clicked
2024-05-02T19:09:58.063Z ==> Success Log: Clicking on messaging icon
2024-05-02T19:09:58.064Z ==> Success Log: Typing message
2024-05-02T19:09:58.588Z ==> Success Log: Typing contact name in search
2024-05-02T19:15:53.659Z ==> Success Log: Launching Chrome Driver Browser
2024-05-02T19:15:53.685Z ==> Success Log: Maximizing browser window
2024-05-02T19:15:55.453Z ==> Success Log: Navigating to LinkedIn
2024-05-02T19:15:56.091Z ==> Success Log: Clicking the Sign in Button
2024-05-02T19:15:56.225Z ==> Success Log: Entering username (email)
2024-05-02T19:15:57.274Z ==> Success Log: Entering password
2024-05-02T19:15:59.212Z ==> Success Log: Submitting login form
2024-05-02T19:16:10.576Z ==> Success Log: Clicking on profile icon
2024-05-02T19:16:11.639Z ==> Success Log: Clicking on View Profile link
2024-05-02T19:16:12.647Z ==> Success Log: Scrolled Down Successfuly
2024-05-02T19:16:12.947Z ==> Success Log: Clicking the + button
2024-05-02T19:16:13.290Z ==> Success Log: Clicking on Add position button that dropped down
2024-05-02T19:16:14.105Z ==> Success Log: Entering Job Position in the input
2024-05-02T19:16:14.393Z ==> Success Log: Entering Company in the Input
2024-05-02T19:16:15.060Z ==> Success Log: Selecting start month
2024-05-02T19:16:16.267Z ==> Success Log: Selecting start year 2024 from dropdown
2024-05-02T19:16:19.344Z ==> Success Log: Clicking on Save button
2024-05-02T19:16:24.419Z ==> Success Log: Clicking Skip button
2024-05-02T19:16:52.392Z ==> Success Log: Clicking on Jobs Link
2024-05-02T19:16:54.483Z ==> Success Log: Clicking on first input
2024-05-02T19:16:56.672Z ==> Success Log: Sending Software Developer Intern to ghost expanded input
2024-05-02T19:17:00.742Z ==> Success Log: Extracted search result:
2024-05-02T19:17:00.778Z ==> Success Log: Extracted search result:
2024-05-02T19:17:00.859Z ==> Success Log: Extracted search result:
2024-05-02T19:17:00.902Z ==> Success Log: Extracted search result:
2024-05-02T19:17:00.945Z ==> Success Log: Extracted search result:
2024-05-02T19:17:00.983Z ==> Success Log: Extracted search result:
2024-05-02T19:17:01.023Z ==> Success Log: Extracted search result:
2024-05-02T19:17:01.064Z ==> Success Log: Extracted search result:
2024-05-02T19:17:01.104Z ==> Success Log: Extracted search result:
2024-05-02T19:17:01.144Z ==> Success Log: Extracted search result:
2024-05-02T19:17:01.181Z ==> Success Log: Extracted search result:
2024-05-02T19:17:01.219Z ==> Success Log: Extracted search result:
2024-05-02T19:17:01.256Z ==> Success Log: Extracted search result:
2024-05-02T19:17:01.293Z ==> Success Log: Extracted search result:
2024-05-02T19:17:01.328Z ==> Success Log: Extracted search result:
2024-05-02T19:17:01.364Z ==> Success Log: Extracted search result:
2024-05-02T19:17:01.400Z ==> Success Log: Extracted search result:
2024-05-02T19:17:01.438Z ==> Success Log: Extracted search result:
2024-05-02T19:17:01.477Z ==> Success Log: Extracted search result:
2024-05-02T19:17:01.512Z ==> Success Log: Extracted search result:
2024-05-02T19:17:01.548Z ==> Success Log: Extracted search result:
2024-05-02T19:17:01.587Z ==> Success Log: Extracted search result:
2024-05-02T19:17:01.622Z ==> Success Log: Extracted search result:
2024-05-02T19:17:01.662Z ==> Success Log: Extracted search result:
2024-05-02T19:17:01.700Z ==> Success Log: Extracted search result:
2024-05-02T19:17:01.701Z ==> Success Log: Search results saved to JSON file:
2024-05-02T19:17:01.701Z ==> Success Log: Clicking on alert button
2024-05-02T19:17:01.742Z ==> Success Log: Alert Clicked
2024-05-02T19:17:04.932Z ==> Success Log: Clicking on messaging icon
2024-05-02T19:17:04.933Z ==> Success Log: Typing message
2024-05-02T19:17:05.516Z ==> Success Log: Typing contact name in search
